#
# There is insufficient memory for the Java Runtime Environment to continue.
# Native memory allocation (mmap) failed to map 132120576 bytes for G1 virtual space
# Possible reasons:
#   The system is out of physical RAM or swap space
#   The process is running with CompressedOops enabled, and the Java Heap may be blocking the growth of the native heap
# Possible solutions:
#   Reduce memory load on the system
#   Increase physical memory or swap space
#   Check if swap backing store is full
#   Decrease Java heap size (-Xmx/-Xms)
#   Decrease number of Java threads
#   Decrease Java thread stack sizes (-Xss)
#   Set larger code cache with -XX:ReservedCodeCacheSize=
#   JVM is running with Unscaled Compressed Oops mode in which the Java heap is
#     placed in the first 4GB address space. The Java Heap base address is the
#     maximum limit for the native heap growth. Please use -XX:HeapBaseMinAddress
#     to set the Java Heap base and to place the Java Heap above 4GB virtual address.
# This output file may be truncated or incomplete.
#
#  Out of Memory Error (os_windows.cpp:3550), pid=15664, tid=12736
#
# JRE version:  (17.0.7+8) (build )
# Java VM: Java HotSpot(TM) 64-Bit Server VM (17.0.7+8-LTS-224, mixed mode, sharing, tiered, compressed oops, compressed class ptrs, g1 gc, windows-amd64)
# No core dump will be written. Minidumps are not enabled by default on client versions of Windows
#

---------------  S U M M A R Y ------------

Command Line: -Dfile.encoding=UTF-8 --module-path=C:\Users\kumar Gaurav\Downloads\postgresql-42.6.0.jar -XX:+ShowCodeDetailsInExceptionMessages Login

Host: Intel(R) Core(TM) i5-8350U CPU @ 1.70GHz, 8 cores, 7G,  Windows 10 , 64 bit Build 19041 (10.0.19041.3570)
Time: Thu Nov  9 11:51:03 2023 India Standard Time elapsed time: 0.030258 seconds (0d 0h 0m 0s)

---------------  T H R E A D  ---------------

Current thread (0x000002c0096cbaa0):  JavaThread "Unknown thread" [_thread_in_vm, id=12736, stack(0x000000f91a200000,0x000000f91a300000)]

Stack: [0x000000f91a200000,0x000000f91a300000]
Native frames: (J=compiled Java code, j=interpreted, Vv=VM code, C=native code)
V  [jvm.dll+0x676a4a]
V  [jvm.dll+0x7d74f4]
V  [jvm.dll+0x7d8c9e]
V  [jvm.dll+0x7d9303]
V  [jvm.dll+0x2452c5]
V  [jvm.dll+0x6738f9]
V  [jvm.dll+0x668232]
V  [jvm.dll+0x302826]
V  [jvm.dll+0x309da6]
V  [jvm.dll+0x35952e]
V  [jvm.dll+0x35975f]
V  [jvm.dll+0x2d9a38]
V  [jvm.dll+0x2da9a4]
V  [jvm.dll+0x7a8fb1]
V  [jvm.dll+0x3670e1]
V  [jvm.dll+0x788359]
V  [jvm.dll+0x3ea5ef]
V  [jvm.dll+0x3ec071]
C  [jli.dll+0x5297]
C  [ucrtbase.dll+0x21bb2]
C  [KERNEL32.DLL+0x17344]
C  [ntdll.dll+0x526b1]


---------------  P R O C E S S  ---------------

Threads class SMR info:
_java_thread_list=0x00007fff82054998, length=0, elements={
}

Java Threads: ( => current thread )

Other Threads:
  0x000002c009726db0 GCTaskThread "GC Thread#0" [stack: 0x000000f91a300000,0x000000f91a400000] [id=16944]
  0x000002c009738750 ConcurrentGCThread "G1 Main Marker" [stack: 0x000000f91a400000,0x000000f91a500000] [id=15408]
  0x000002c009739810 ConcurrentGCThread "G1 Conc#0" [stack: 0x000000f91a500000,0x000000f91a600000] [id=15576]

[error occurred during error reporting (printing all threads), id 0xc0000005, EXCEPTION_ACCESS_VIOLATION (0xc0000005) at pc=0x00007fff8188a697]

VM state: not at safepoint (not fully initialized)

VM Mutex/Monitor currently owned by a thread:  ([mutex/lock_event])
[0x000002c0096c6ad0] Heap_lock - owner thread: 0x000002c0096cbaa0

Heap address: 0x0000000082600000, size: 2010 MB, Compressed Oops mode: 32-bit

CDS archive(s) mapped at: [0x0000000000000000-0x0000000000000000-0x0000000000000000), size 0, SharedBaseAddress: 0x0000000800000000, ArchiveRelocationMode: 0.
Narrow klass base: 0x0000000000000000, Narrow klass shift: 0, Narrow klass range: 0x0

GC Precious Log:
<Empty>

Heap:
 garbage-first heap   total 0K, used 0K [0x0000000082600000, 0x0000000100000000)
  region size 1024K, 0 young (0K), 0 survivors (0K)

[error occurred during error reporting (printing heap information), id 0xc0000005, EXCEPTION_ACCESS_VIOLATION (0xc0000005) at pc=0x00007fff81c700b9]

GC Heap History (0 events):
No events

Deoptimization events (0 events):
No events

Classes unloaded (0 events):
No events

Classes redefined (0 events):
No events

Internal exceptions (0 events):
No events

VM Operations (0 events):
No events

Events (1 events):
Event: 0.019 Loaded shared library C:\Program Files\Java\jdk-17\bin\java.dll


Dynamic libraries:
0x00007ff627b00000 - 0x00007ff627b10000 	C:\Program Files\Java\jdk-17\bin\javaw.exe
0x00007fffd04b0000 - 0x00007fffd06a7000 	C:\Windows\SYSTEM32\ntdll.dll
0x00007fffcf3b0000 - 0x00007fffcf46d000 	C:\Windows\System32\KERNEL32.DLL
0x00007fffce010000 - 0x00007fffce306000 	C:\Windows\System32\KERNELBASE.dll
0x00007fffcddb0000 - 0x00007fffcdeb0000 	C:\Windows\System32\ucrtbase.dll
0x00007fff9eb10000 - 0x00007fff9eb29000 	C:\Program Files\Java\jdk-17\bin\jli.dll
0x00007fff9e4e0000 - 0x00007fff9e4fb000 	C:\Program Files\Java\jdk-17\bin\VCRUNTIME140.dll
0x00007fffcec30000 - 0x00007fffcecde000 	C:\Windows\System32\ADVAPI32.dll
0x00007fffcee50000 - 0x00007fffceeee000 	C:\Windows\System32\msvcrt.dll
0x00007fffceb90000 - 0x00007fffcec2c000 	C:\Windows\System32\sechost.dll
0x00007fffcfc70000 - 0x00007fffcfd96000 	C:\Windows\System32\RPCRT4.dll
0x00007fffce9e0000 - 0x00007fffceb7e000 	C:\Windows\System32\USER32.dll
0x00007fffa6b70000 - 0x00007fffa6e0a000 	C:\Windows\WinSxS\amd64_microsoft.windows.common-controls_6595b64144ccf1df_6.0.19041.3570_none_60bb2a3971f3e41a\COMCTL32.dll
0x00007fffcdc20000 - 0x00007fffcdc42000 	C:\Windows\System32\win32u.dll
0x00007fffcece0000 - 0x00007fffced0c000 	C:\Windows\System32\GDI32.dll
0x00007fffce340000 - 0x00007fffce45a000 	C:\Windows\System32\gdi32full.dll
0x00007fffcdeb0000 - 0x00007fffcdf4d000 	C:\Windows\System32\msvcp_win.dll
0x00007fffc4f60000 - 0x00007fffc4f6a000 	C:\Windows\SYSTEM32\VERSION.dll
0x00007fffceef0000 - 0x00007fffcef20000 	C:\Windows\System32\IMM32.DLL
0x00007fffc6660000 - 0x00007fffc666c000 	C:\Program Files\Java\jdk-17\bin\vcruntime140_1.dll
0x00007fff89510000 - 0x00007fff8959e000 	C:\Program Files\Java\jdk-17\bin\msvcp140.dll
0x00007fff815a0000 - 0x00007fff8217d000 	C:\Program Files\Java\jdk-17\bin\server\jvm.dll
0x00007fffceb80000 - 0x00007fffceb88000 	C:\Windows\System32\PSAPI.DLL
0x00007fffb2530000 - 0x00007fffb2539000 	C:\Windows\SYSTEM32\WSOCK32.dll
0x00007fffabf90000 - 0x00007fffabfb7000 	C:\Windows\SYSTEM32\WINMM.dll
0x00007fffd0400000 - 0x00007fffd046b000 	C:\Windows\System32\WS2_32.dll
0x00007fffcc3c0000 - 0x00007fffcc3d2000 	C:\Windows\SYSTEM32\kernel.appcore.dll
0x00007fffc51b0000 - 0x00007fffc51ba000 	C:\Program Files\Java\jdk-17\bin\jimage.dll
0x00007fffcb940000 - 0x00007fffcbb24000 	C:\Windows\SYSTEM32\DBGHELP.DLL
0x00007fffc1d60000 - 0x00007fffc1d94000 	C:\Windows\SYSTEM32\dbgcore.DLL
0x00007fffcdb90000 - 0x00007fffcdc12000 	C:\Windows\System32\bcryptPrimitives.dll
0x00007fff926b0000 - 0x00007fff926d5000 	C:\Program Files\Java\jdk-17\bin\java.dll

dbghelp: loaded successfully - version: 4.0.5 - missing functions: none
symbol engine: initialized successfully - sym options: 0x614 - pdb path: .;C:\Program Files\Java\jdk-17\bin;C:\Windows\SYSTEM32;C:\Windows\WinSxS\amd64_microsoft.windows.common-controls_6595b64144ccf1df_6.0.19041.3570_none_60bb2a3971f3e41a;C:\Program Files\Java\jdk-17\bin\server

VM Arguments:
jvm_args: -Dfile.encoding=UTF-8 --module-path=C:\Users\kumar Gaurav\Downloads\postgresql-42.6.0.jar -XX:+ShowCodeDetailsInExceptionMessages 
java_command: Login
java_class_path (initial): D:\Kumar_Gaurav\Projects\Project_Dev\bin;D:\Kumar_Gaurav\Projects\Project_Dev\jars\jcalendar-tz-1.3.3-4.jar;D:\Kumar_Gaurav\Projects\Project_Dev\jars\mysql-connector-java-8.0.28.jar
Launcher Type: SUN_STANDARD

[Global flags]
     intx CICompilerCount                          = 4                                         {product} {ergonomic}
     uint ConcGCThreads                            = 2                                         {product} {ergonomic}
     uint G1ConcRefinementThreads                  = 8                                         {product} {ergonomic}
   size_t G1HeapRegionSize                         = 1048576                                   {product} {ergonomic}
    uintx GCDrainStackTargetSize                   = 64                                        {product} {ergonomic}
   size_t InitialHeapSize                          = 132120576                                 {product} {ergonomic}
   size_t MarkStackSize                            = 4194304                                   {product} {ergonomic}
   size_t MaxHeapSize                              = 2107637760                                {product} {ergonomic}
   size_t MinHeapDeltaBytes                        = 1048576                                   {product} {ergonomic}
   size_t MinHeapSize                              = 8388608                                   {product} {ergonomic}
    uintx NonNMethodCodeHeapSize                   = 5839372                                {pd product} {ergonomic}
    uintx NonProfiledCodeHeapSize                  = 122909434                              {pd product} {ergonomic}
    uintx ProfiledCodeHeapSize                     = 122909434                              {pd product} {ergonomic}
    uintx ReservedCodeCacheSize                    = 251658240                              {pd product} {ergonomic}
     bool SegmentedCodeCache                       = true                                      {product} {ergonomic}
     bool ShowCodeDetailsInExceptionMessages       = true                                   {manageable} {command line}
   size_t SoftMaxHeapSize                          = 2107637760                             {manageable} {ergonomic}
     bool UseCompressedClassPointers               = true                           {product lp64_product} {ergonomic}
     bool UseCompressedOops                        = true                           {product lp64_product} {ergonomic}
     bool UseG1GC                                  = true                                      {product} {ergonomic}
     bool UseLargePagesIndividualAllocation        = false                                  {pd product} {ergonomic}

Logging:
Log output configuration:
 #0: stdout all=warning uptime,level,tags
 #1: stderr all=off uptime,level,tags

Environment Variables:
PATH=C:\Program Files\Common Files\Oracle\Java\javapath;D:\oracle\product\10.2.0\db_1\bin;C:\Windows\system32;C:\Windows;C:\Windows\System32\Wbem;C:\Windows\System32\WindowsPowerShell\v1.0\;C:\Windows\System32\OpenSSH\;C:\Users\kumar Gaurav\AppData\Local\Microsoft\WindowsApps;;D:\VScode\Microsoft VS Code\bin
USERNAME=kumar Gaurav
OS=Windows_NT
PROCESSOR_IDENTIFIER=Intel64 Family 6 Model 142 Stepping 10, GenuineIntel



---------------  S Y S T E M  ---------------

OS:
 Windows 10 , 64 bit Build 19041 (10.0.19041.3570)
OS uptime: 3 days 14:08 hours

CPU: total 8 (initial active 8) (4 cores per cpu, 2 threads per core) family 6 model 142 stepping 10 microcode 0xea, cx8, cmov, fxsr, ht, mmx, 3dnowpref, sse, sse2, sse3, ssse3, sse4.1, sse4.2, popcnt, lzcnt, tsc, tscinvbit, avx, avx2, aes, erms, clmul, bmi1, bmi2, rtm, adx, fma, vzeroupper, clflush, clflushopt

Memory: 4k page, system-wide physical 8035M (2647M free)
TotalPageFile size 16227M (AvailPageFile size 69M)
current process WorkingSet (physical memory assigned to process): 10M, peak: 10M
current process commit charge ("private bytes"): 60M, peak: 186M

vm_info: Java HotSpot(TM) 64-Bit Server VM (17.0.7+8-LTS-224) for windows-amd64 JRE (17.0.7+8-LTS-224), built on Feb 28 2023 23:03:02 by "mach5one" with MS VC++ 17.1 (VS2022)

END.
